<?xml version="1.0" encoding="UTF-8"?>
<testng-results ignored="0" total="1" passed="1" failed="0" skipped="0">
  <reporter-output>
  </reporter-output>
  <suite started-at="2025-02-07T00:12:25 IST" name="Default suite" finished-at="2025-02-07T00:12:25 IST" duration-ms="32">
    <groups>
    </groups>
    <test started-at="2025-02-07T00:12:25 IST" name="Default test" finished-at="2025-02-07T00:12:25 IST" duration-ms="32">
      <class name="com.example.jenkins.LaunchMe">
        <test-method signature="launchBrowser()[pri:0, instance:com.example.jenkins.LaunchMe@41fbdac4]" started-at="2025-02-07T00:12:25 IST" name="launchBrowser" finished-at="2025-02-07T00:12:25 IST" duration-ms="16" status="PASS">
          <reporter-output>
          </reporter-output>
        </test-method> <!-- launchBrowser -->
      </class> <!-- com.example.jenkins.LaunchMe -->
    </test> <!-- Default test -->
  </suite> <!-- Default suite -->
</testng-results>
