<?xml version="1.0" encoding="UTF-8"?>
<testng-results total="1" passed="1" failed="0" skipped="0">
  <reporter-output>
  </reporter-output>
  <suite started-at="2025-02-07T04:59:01Z" name="Default suite" finished-at="2025-02-07T04:59:37Z" duration-ms="36684">
    <groups>
    </groups>
    <test started-at="2025-02-07T04:59:01Z" name="Default test" finished-at="2025-02-07T04:59:37Z" duration-ms="36684">
      <class name="com.example.jenkins.LaunchMe">
        <test-method signature="launchBrowser()[pri:0, instance:com.example.jenkins.LaunchMe@2af004b]" started-at="2025-02-07T10:29:01Z" name="launchBrowser" finished-at="2025-02-07T10:29:37Z" duration-ms="36674" status="PASS">
          <reporter-output>
          </reporter-output>
        </test-method> <!-- launchBrowser -->
      </class> <!-- com.example.jenkins.LaunchMe -->
    </test> <!-- Default test -->
  </suite> <!-- Default suite -->
</testng-results>
